<?xml version="1.0" encoding="UTF-8"?>
<!-- Generated by org.testng.reporters.JUnitXMLReporter -->
<testsuite hostname="Pankaj-PC" ignored="0" name="FlipBoard Login" tests="2" failures="1" timestamp="2021-05-26T20:46:58 IST" time="81.197" errors="0">
  <testcase name="validateContinueButton" time="4.537" classname="testCases.FlipBoardLogin"/>
  <testcase name="chooseTopicTest" time="1.857" classname="testCases.FlipBoardLogin">
    <failure type="java.lang.IndexOutOfBoundsException" message="Index: 0, Size: 0">
      <![CDATA[java.lang.IndexOutOfBoundsException: Index: 0, Size: 0
at java.util.ArrayList.rangeCheck(ArrayList.java:653)
at java.util.ArrayList.get(ArrayList.java:429)
at io.appium.java_client.pagefactory.ElementListInterceptor.getObject(ElementListInterceptor.java:40)
at io.appium.java_client.pagefactory.interceptors.InterceptorOfAListOfElements.intercept(InterceptorOfAListOfElements.java:49)
at $java.util.ArrayList$$EnhancerByCGLIB$$b5855c01.get(<generated>)
at screens.selectTopicScreen.selectTopics(selectTopicScreen.java:36)
at testCases.FlipBoardLogin.chooseTopicTest(FlipBoardLogin.java:36)
at java.util.ArrayList.forEach(ArrayList.java:1249)
... Removed 31 stack frames]]>
    </failure>
  </testcase> <!-- chooseTopicTest -->
</testsuite> <!-- FlipBoard Login -->
