<?xml version="1.0" encoding="UTF-8"?>
<!-- Generated by org.testng.reporters.JUnitXMLReporter -->
<testsuite hostname="Pankaj-PC" ignored="0" name="Title Section Test" tests="1" failures="1" timestamp="2021-05-24T23:26:37 IST" time="23.061" errors="0">
  <testcase name="validateTitle" time="6.084" classname="testCases.TitleSectionTest">
    <failure type="java.lang.IndexOutOfBoundsException" message="Index: 0, Size: 0">
      <![CDATA[java.lang.IndexOutOfBoundsException: Index: 0, Size: 0
at java.util.ArrayList.rangeCheck(ArrayList.java:653)
at java.util.ArrayList.get(ArrayList.java:429)
at io.appium.java_client.pagefactory.ElementListInterceptor.getObject(ElementListInterceptor.java:40)
at io.appium.java_client.pagefactory.interceptors.InterceptorOfAListOfElements.intercept(InterceptorOfAListOfElements.java:49)
at $java.util.ArrayList$$EnhancerByCGLIB$$b5855c01.get(<generated>)
at screens.selectTopicScreen.selectTopics(selectTopicScreen.java:36)
at testCases.TitleSectionTest.validateTitle(TitleSectionTest.java:30)
at java.util.ArrayList.forEach(ArrayList.java:1249)
... Removed 31 stack frames]]>
    </failure>
  </testcase> <!-- validateTitle -->
</testsuite> <!-- Title Section Test -->
