<?xml version="1.0" encoding="UTF-8"?>
<testsuite name="TestSuite" time="6.519" tests="2" errors="0" skipped="0" failures="1">
  <properties>
[...]
</properties>
  <testcase name="validateContinueButton" classname="testCases.FlipBoardLogin" time="4.597"/>
  <testcase name="chooseTopicTest" classname="testCases.FlipBoardLogin" time="1.922">
    <failure message="Index: 0, Size: 0" type="java.lang.IndexOutOfBoundsException"><![CDATA[java.lang.IndexOutOfBoundsException: Index: 0, Size: 0
	at java.util.ArrayList.rangeCheck(ArrayList.java:653)
	at java.util.ArrayList.get(ArrayList.java:429)
	at sun.reflect.NativeMethodAccessorImpl.invoke0(Native Method)
	at sun.reflect.NativeMethodAccessorImpl.invoke(NativeMethodAccessorImpl.java:62)
	at sun.reflect.DelegatingMethodAccessorImpl.invoke(DelegatingMethodAccessorImpl.java:43)
	at java.lang.reflect.Method.invoke(Method.java:498)
	at io.appium.java_client.pagefactory.ElementListInterceptor.getObject(ElementListInterceptor.java:40)
	at io.appium.java_client.pagefactory.interceptors.InterceptorOfAListOfElements.intercept(InterceptorOfAListOfElements.java:49)
	at $java.util.ArrayList$$EnhancerByCGLIB$$b5855c01.get(<generated>)
	at screens.selectTopicScreen.selectTopics(selectTopicScreen.java:36)
	at testCases.FlipBoardLogin.chooseTopicTest(FlipBoardLogin.java:36)
]]></failure>
    <system-out><![CDATA[&amp#27;[35m[HTTP]&amp#27;[39m &amp#27;[37m-->&amp#27;[39m &amp#27;[37mGET&amp#27;[39m &amp#27;[37m/wd/hub/session/7f2d6d43-43a2-46b0-8510-c38f616a0f01/context&amp#27;[39m
&amp#27;[35m[HTTP]&amp#27;[39m &amp#27;[90m{}&amp#27;[39m
[debug] &amp#27;[35m[W3C (7f2d6d43)]&amp#27;[39m Calling AppiumDriver.getCurrentContext() with args: ["7f2d6d43-43a2-46b0-8510-c38f616a0f01"]
[debug] &amp#27;[35m[W3C (7f2d6d43)]&amp#27;[39m Responding to client with driver.getCurrentContext() result: "NATIVE_APP"
&amp#27;[35m[HTTP]&amp#27;[39m &amp#27;[37m<-- GET /wd/hub/session/7f2d6d43-43a2-46b0-8510-c38f616a0f01/context &amp#27;[39m&amp#27;[32m200&amp#27;[39m &amp#27;[90m11 ms - 22&amp#27;[39m
&amp#27;[35m[HTTP]&amp#27;[39m &amp#27;[90m&amp#27;[39m
&amp#27;[35m[HTTP]&amp#27;[39m &amp#27;[37m-->&amp#27;[39m &amp#27;[37mPOST&amp#27;[39m &amp#27;[37m/wd/hub/session/7f2d6d43-43a2-46b0-8510-c38f616a0f01/elements&amp#27;[39m
&amp#27;[35m[HTTP]&amp#27;[39m &amp#27;[90m{"using":"id","value":"flipboard.app:id/topic_picker_topic_row_topic_tag"}&amp#27;[39m
[debug] &amp#27;[35m[W3C (7f2d6d43)]&amp#27;[39m Calling AppiumDriver.findElements() with args: ["id","flipboard.app:id/topic_picker_topic_row_topic_tag","7f2d6d43-43a2-46b0-8510-c38f616a0f01"]
[debug] &amp#27;[35m[BaseDriver]&amp#27;[39m Valid locator strategies for this request: xpath, id, class name, accessibility id, css selector, -android uiautomator
[debug] &amp#27;[35m[BaseDriver]&amp#27;[39m Waiting up to 0 ms for condition
[debug] &amp#27;[35m[WD Proxy]&amp#27;[39m Matched '/elements' to command name 'findElements'
[debug] &amp#27;[35m[WD Proxy]&amp#27;[39m Proxying [POST /elements] to [POST http://127.0.0.1:8200/wd/hub/session/3f9f2891-fd2d-4854-85b6-76ac9ed85a62/elements] with body: {"strategy":"id","selector":"flipboard.app:id/topic_picker_topic_row_topic_tag","context":"","multiple":true}
[debug] &amp#27;[35m[WD Proxy]&amp#27;[39m Got response with status 200: {"sessionId":"3f9f2891-fd2d-4854-85b6-76ac9ed85a62","value":[]}
[debug] &amp#27;[35m[W3C (7f2d6d43)]&amp#27;[39m Responding to client with driver.findElements() result: []
&amp#27;[35m[HTTP]&amp#27;[39m &amp#27;[37m<-- POST /wd/hub/session/7f2d6d43-43a2-46b0-8510-c38f616a0f01/elements &amp#27;[39m&amp#27;[32m200&amp#27;[39m &amp#27;[90m77 ms - 12&amp#27;[39m
&amp#27;[35m[HTTP]&amp#27;[39m &amp#27;[90m&amp#27;[39m
&amp#27;[35m[HTTP]&amp#27;[39m &amp#27;[37m-->&amp#27;[39m &amp#27;[37mGET&amp#27;[39m &amp#27;[37m/wd/hub/session/7f2d6d43-43a2-46b0-8510-c38f616a0f01/context&amp#27;[39m
&amp#27;[35m[HTTP]&amp#27;[39m &amp#27;[90m{}&amp#27;[39m
[debug] &amp#27;[35m[W3C (7f2d6d43)]&amp#27;[39m Calling AppiumDriver.getCurrentContext() with args: ["7f2d6d43-43a2-46b0-8510-c38f616a0f01"]
[debug] &amp#27;[35m[W3C (7f2d6d43)]&amp#27;[39m Responding to client with driver.getCurrentContext() result: "NATIVE_APP"
&amp#27;[35m[HTTP]&amp#27;[39m &amp#27;[37m<-- GET /wd/hub/session/7f2d6d43-43a2-46b0-8510-c38f616a0f01/context &amp#27;[39m&amp#27;[32m200&amp#27;[39m &amp#27;[90m8 ms - 22&amp#27;[39m
&amp#27;[35m[HTTP]&amp#27;[39m &amp#27;[90m&amp#27;[39m
&amp#27;[35m[HTTP]&amp#27;[39m &amp#27;[37m-->&amp#27;[39m &amp#27;[37mPOST&amp#27;[39m &amp#27;[37m/wd/hub/session/7f2d6d43-43a2-46b0-8510-c38f616a0f01/elements&amp#27;[39m
&amp#27;[35m[HTTP]&amp#27;[39m &amp#27;[90m{"using":"id","value":"flipboard.app:id/topic_picker_topic_row_topic_tag"}&amp#27;[39m
[debug] &amp#27;[35m[W3C (7f2d6d43)]&amp#27;[39m Calling AppiumDriver.findElements() with args: ["id","flipboard.app:id/topic_picker_topic_row_topic_tag","7f2d6d43-43a2-46b0-8510-c38f616a0f01"]
[debug] &amp#27;[35m[BaseDriver]&amp#27;[39m Valid locator strategies for this request: xpath, id, class name, accessibility id, css selector, -android uiautomator
[debug] &amp#27;[35m[BaseDriver]&amp#27;[39m Waiting up to 0 ms for condition
[debug] &amp#27;[35m[WD Proxy]&amp#27;[39m Matched '/elements' to command name 'findElements'
[debug] &amp#27;[35m[WD Proxy]&amp#27;[39m Proxying [POST /elements] to [POST http://127.0.0.1:8200/wd/hub/session/3f9f2891-fd2d-4854-85b6-76ac9ed85a62/elements] with body: {"strategy":"id","selector":"flipboard.app:id/topic_picker_topic_row_topic_tag","context":"","multiple":true}
[debug] &amp#27;[35m[WD Proxy]&amp#27;[39m Got response with status 200: {"sessionId":"3f9f2891-fd2d-4854-85b6-76ac9ed85a62","value":[]}
[debug] &amp#27;[35m[W3C (7f2d6d43)]&amp#27;[39m Responding to client with driver.findElements() result: []
&amp#27;[35m[HTTP]&amp#27;[39m &amp#27;[37m<-- POST /wd/hub/session/7f2d6d43-43a2-46b0-8510-c38f616a0f01/elements &amp#27;[39m&amp#27;[32m200&amp#27;[39m &amp#27;[90m174 ms - 12&amp#27;[39m
&amp#27;[35m[HTTP]&amp#27;[39m &amp#27;[90m&amp#27;[39m
&amp#27;[35m[HTTP]&amp#27;[39m &amp#27;[37m-->&amp#27;[39m &amp#27;[37mGET&amp#27;[39m &amp#27;[37m/wd/hub/session/7f2d6d43-43a2-46b0-8510-c38f616a0f01/context&amp#27;[39m
&amp#27;[35m[HTTP]&amp#27;[39m &amp#27;[90m{}&amp#27;[39m
[debug] &amp#27;[35m[W3C (7f2d6d43)]&amp#27;[39m Calling AppiumDriver.getCurrentContext() with args: ["7f2d6d43-43a2-46b0-8510-c38f616a0f01"]
[debug] &amp#27;[35m[W3C (7f2d6d43)]&amp#27;[39m Responding to client with driver.getCurrentContext() result: "NATIVE_APP"
&amp#27;[35m[HTTP]&amp#27;[39m &amp#27;[37m<-- GET /wd/hub/session/7f2d6d43-43a2-46b0-8510-c38f616a0f01/context &amp#27;[39m&amp#27;[32m200&amp#27;[39m &amp#27;[90m6 ms - 22&amp#27;[39m
&amp#27;[35m[HTTP]&amp#27;[39m &amp#27;[90m&amp#27;[39m
&amp#27;[35m[HTTP]&amp#27;[39m &amp#27;[37m-->&amp#27;[39m &amp#27;[37mPOST&amp#27;[39m &amp#27;[37m/wd/hub/session/7f2d6d43-43a2-46b0-8510-c38f616a0f01/elements&amp#27;[39m
&amp#27;[35m[HTTP]&amp#27;[39m &amp#27;[90m{"using":"id","value":"flipboard.app:id/topic_picker_topic_row_topic_tag"}&amp#27;[39m
[debug] &amp#27;[35m[W3C (7f2d6d43)]&amp#27;[39m Calling AppiumDriver.findElements() with args: ["id","flipboard.app:id/topic_picker_topic_row_topic_tag","7f2d6d43-43a2-46b0-8510-c38f616a0f01"]
[debug] &amp#27;[35m[BaseDriver]&amp#27;[39m Valid locator strategies for this request: xpath, id, class name, accessibility id, css selector, -android uiautomator
[debug] &amp#27;[35m[BaseDriver]&amp#27;[39m Waiting up to 0 ms for condition
[debug] &amp#27;[35m[WD Proxy]&amp#27;[39m Matched '/elements' to command name 'findElements'
[debug] &amp#27;[35m[WD Proxy]&amp#27;[39m Proxying [POST /elements] to [POST http://127.0.0.1:8200/wd/hub/session/3f9f2891-fd2d-4854-85b6-76ac9ed85a62/elements] with body: {"strategy":"id","selector":"flipboard.app:id/topic_picker_topic_row_topic_tag","context":"","multiple":true}
[debug] &amp#27;[35m[WD Proxy]&amp#27;[39m Got response with status 200: {"sessionId":"3f9f2891-fd2d-4854-85b6-76ac9ed85a62","value":[]}
[debug] &amp#27;[35m[W3C (7f2d6d43)]&amp#27;[39m Responding to client with driver.findElements() result: []
&amp#27;[35m[HTTP]&amp#27;[39m &amp#27;[37m<-- POST /wd/hub/session/7f2d6d43-43a2-46b0-8510-c38f616a0f01/elements &amp#27;[39m&amp#27;[32m200&amp#27;[39m &amp#27;[90m470 ms - 12&amp#27;[39m
&amp#27;[35m[HTTP]&amp#27;[39m &amp#27;[90m&amp#27;[39m
]]></system-out>
  </testcase>
</testsuite>